  animation.cpp
C:\Users\KGA_13\Documents\GitHub\beefTeamProject\image.h(133,47): warning C4244: '인수': 'float'에서 'int'(으)로 변환하면서 데이터가 손실될 수 있습니다.
C:\Users\KGA_13\Documents\GitHub\beefTeamProject\image.h(133,32): warning C4244: '인수': 'float'에서 'int'(으)로 변환하면서 데이터가 손실될 수 있습니다.
  animationManager.cpp
C:\Users\KGA_13\Documents\GitHub\beefTeamProject\image.h(133,47): warning C4244: '인수': 'float'에서 'int'(으)로 변환하면서 데이터가 손실될 수 있습니다.
C:\Users\KGA_13\Documents\GitHub\beefTeamProject\image.h(133,32): warning C4244: '인수': 'float'에서 'int'(으)로 변환하면서 데이터가 손실될 수 있습니다.
  API_FrameWork.cpp
C:\Users\KGA_13\Documents\GitHub\beefTeamProject\image.h(133,47): warning C4244: '인수': 'float'에서 'int'(으)로 변환하면서 데이터가 손실될 수 있습니다.
C:\Users\KGA_13\Documents\GitHub\beefTeamProject\image.h(133,32): warning C4244: '인수': 'float'에서 'int'(으)로 변환하면서 데이터가 손실될 수 있습니다.
C:\Users\KGA_13\Documents\GitHub\beefTeamProject\API_FrameWork.cpp(111,16): warning C4244: 'return': 'WPARAM'에서 'int'(으)로 변환하면서 데이터가 손실될 수 있습니다.
  camera.cpp
C:\Users\KGA_13\Documents\GitHub\beefTeamProject\image.h(133,47): warning C4244: '인수': 'float'에서 'int'(으)로 변환하면서 데이터가 손실될 수 있습니다.
C:\Users\KGA_13\Documents\GitHub\beefTeamProject\image.h(133,32): warning C4244: '인수': 'float'에서 'int'(으)로 변환하면서 데이터가 손실될 수 있습니다.
  gameNode.cpp
C:\Users\KGA_13\Documents\GitHub\beefTeamProject\image.h(133,47): warning C4244: '인수': 'float'에서 'int'(으)로 변환하면서 데이터가 손실될 수 있습니다.
C:\Users\KGA_13\Documents\GitHub\beefTeamProject\image.h(133,32): warning C4244: '인수': 'float'에서 'int'(으)로 변환하면서 데이터가 손실될 수 있습니다.
C:\Users\KGA_13\Documents\GitHub\beefTeamProject\gameNode.cpp(98,6): warning C4101: 'hdc' :참조되지 않은 지역 변수입니다.
C:\Users\KGA_13\Documents\GitHub\beefTeamProject\gameNode.cpp(97,14): warning C4101: 'ps' :참조되지 않은 지역 변수입니다.
  image.cpp
C:\Users\KGA_13\Documents\GitHub\beefTeamProject\image.h(133,47): warning C4244: '인수': 'float'에서 'int'(으)로 변환하면서 데이터가 손실될 수 있습니다.
C:\Users\KGA_13\Documents\GitHub\beefTeamProject\image.h(133,32): warning C4244: '인수': 'float'에서 'int'(으)로 변환하면서 데이터가 손실될 수 있습니다.
C:\Users\KGA_13\Documents\GitHub\beefTeamProject\image.cpp(108,29): warning C4267: '초기화 중': 'size_t'에서 'int'(으)로 변환하면서 데이터가 손실될 수 있습니다.
C:\Users\KGA_13\Documents\GitHub\beefTeamProject\image.cpp(150,28): warning C4267: '초기화 중': 'size_t'에서 'int'(으)로 변환하면서 데이터가 손실될 수 있습니다.
C:\Users\KGA_13\Documents\GitHub\beefTeamProject\image.cpp(228,29): warning C4267: '초기화 중': 'size_t'에서 'int'(으)로 변환하면서 데이터가 손실될 수 있습니다.
C:\Users\KGA_13\Documents\GitHub\beefTeamProject\image.cpp(266,18): warning C4244: '=': 'const int'에서 'float'(으)로 변환하면서 데이터가 손실될 수 있습니다.
C:\Users\KGA_13\Documents\GitHub\beefTeamProject\image.cpp(267,18): warning C4244: '=': 'const int'에서 'float'(으)로 변환하면서 데이터가 손실될 수 있습니다.
C:\Users\KGA_13\Documents\GitHub\beefTeamProject\image.cpp(276,29): warning C4267: '초기화 중': 'size_t'에서 'int'(으)로 변환하면서 데이터가 손실될 수 있습니다.
C:\Users\KGA_13\Documents\GitHub\beefTeamProject\image.cpp(487,49): warning C4267: '-=': 'size_t'에서 'LONG'(으)로 변환하면서 데이터가 손실될 수 있습니다.
C:\Users\KGA_13\Documents\GitHub\beefTeamProject\image.cpp(490,29): warning C4267: '=': 'size_t'에서 'LONG'(으)로 변환하면서 데이터가 손실될 수 있습니다.
C:\Users\KGA_13\Documents\GitHub\beefTeamProject\image.cpp(503,48): warning C4267: '-=': 'size_t'에서 'LONG'(으)로 변환하면서 데이터가 손실될 수 있습니다.
C:\Users\KGA_13\Documents\GitHub\beefTeamProject\image.cpp(506,31): warning C4267: '=': 'size_t'에서 'LONG'(으)로 변환하면서 데이터가 손실될 수 있습니다.
C:\Users\KGA_13\Documents\GitHub\beefTeamProject\image.cpp(553,49): warning C4267: '-=': 'size_t'에서 'LONG'(으)로 변환하면서 데이터가 손실될 수 있습니다.
C:\Users\KGA_13\Documents\GitHub\beefTeamProject\image.cpp(556,29): warning C4267: '=': 'size_t'에서 'LONG'(으)로 변환하면서 데이터가 손실될 수 있습니다.
C:\Users\KGA_13\Documents\GitHub\beefTeamProject\image.cpp(569,48): warning C4267: '-=': 'size_t'에서 'LONG'(으)로 변환하면서 데이터가 손실될 수 있습니다.
C:\Users\KGA_13\Documents\GitHub\beefTeamProject\image.cpp(572,31): warning C4267: '=': 'size_t'에서 'LONG'(으)로 변환하면서 데이터가 손실될 수 있습니다.
C:\Users\KGA_13\Documents\GitHub\beefTeamProject\image.cpp(594,34): warning C4244: '인수': 'float'에서 'int'(으)로 변환하면서 데이터가 손실될 수 있습니다.
C:\Users\KGA_13\Documents\GitHub\beefTeamProject\image.cpp(594,19): warning C4244: '인수': 'float'에서 'int'(으)로 변환하면서 데이터가 손실될 수 있습니다.
C:\Users\KGA_13\Documents\GitHub\beefTeamProject\image.cpp(599,44): warning C4244: '인수': 'float'에서 'int'(으)로 변환하면서 데이터가 손실될 수 있습니다.
C:\Users\KGA_13\Documents\GitHub\beefTeamProject\image.cpp(599,29): warning C4244: '인수': 'float'에서 'int'(으)로 변환하면서 데이터가 손실될 수 있습니다.
C:\Users\KGA_13\Documents\GitHub\beefTeamProject\image.cpp(604,44): warning C4244: '인수': 'float'에서 'int'(으)로 변환하면서 데이터가 손실될 수 있습니다.
C:\Users\KGA_13\Documents\GitHub\beefTeamProject\image.cpp(604,29): warning C4244: '인수': 'float'에서 'int'(으)로 변환하면서 데이터가 손실될 수 있습니다.
  imageManager.cpp
C:\Users\KGA_13\Documents\GitHub\beefTeamProject\image.h(133,47): warning C4244: '인수': 'float'에서 'int'(으)로 변환하면서 데이터가 손실될 수 있습니다.
C:\Users\KGA_13\Documents\GitHub\beefTeamProject\image.h(133,32): warning C4244: '인수': 'float'에서 'int'(으)로 변환하면서 데이터가 손실될 수 있습니다.
C:\Users\KGA_13\Documents\GitHub\beefTeamProject\imageManager.cpp(127,6): warning C4244: '인수': 'const float'에서 'const int'(으)로 변환하면서 데이터가 손실될 수 있습니다.
  Input.cpp
C:\Users\KGA_13\Documents\GitHub\beefTeamProject\image.h(133,47): warning C4244: '인수': 'float'에서 'int'(으)로 변환하면서 데이터가 손실될 수 있습니다.
C:\Users\KGA_13\Documents\GitHub\beefTeamProject\image.h(133,32): warning C4244: '인수': 'float'에서 'int'(으)로 변환하면서 데이터가 손실될 수 있습니다.
  loading.cpp
C:\Users\KGA_13\Documents\GitHub\beefTeamProject\image.h(133,47): warning C4244: '인수': 'float'에서 'int'(으)로 변환하면서 데이터가 손실될 수 있습니다.
C:\Users\KGA_13\Documents\GitHub\beefTeamProject\image.h(133,32): warning C4244: '인수': 'float'에서 'int'(으)로 변환하면서 데이터가 손실될 수 있습니다.
C:\Users\KGA_13\Documents\GitHub\beefTeamProject\loading.cpp(51,21): warning C4244: '=': 'float'에서 'int'(으)로 변환하면서 데이터가 손실될 수 있습니다.
C:\Users\KGA_13\Documents\GitHub\beefTeamProject\loading.cpp(52,21): warning C4244: '=': 'float'에서 'int'(으)로 변환하면서 데이터가 손실될 수 있습니다.
C:\Users\KGA_13\Documents\GitHub\beefTeamProject\loading.cpp(85,21): warning C4244: '=': 'float'에서 'int'(으)로 변환하면서 데이터가 손실될 수 있습니다.
C:\Users\KGA_13\Documents\GitHub\beefTeamProject\loading.cpp(86,21): warning C4244: '=': 'float'에서 'int'(으)로 변환하면서 데이터가 손실될 수 있습니다.
C:\Users\KGA_13\Documents\GitHub\beefTeamProject\loading.cpp(189,61): warning C4244: '인수': 'int'에서 'const float'(으)로 변환하면서 데이터가 손실될 수 있습니다.
C:\Users\KGA_13\Documents\GitHub\beefTeamProject\loading.cpp(189,54): warning C4244: '인수': 'int'에서 'const float'(으)로 변환하면서 데이터가 손실될 수 있습니다.
C:\Users\KGA_13\Documents\GitHub\beefTeamProject\loading.cpp(195,54): warning C4244: '인수': 'unsigned __int64'에서 'float'(으)로 변환하면서 데이터가 손실될 수 있습니다.
C:\Users\KGA_13\Documents\GitHub\beefTeamProject\loading.cpp(195,24): warning C4244: '인수': 'int'에서 'float'(으)로 변환하면서 데이터가 손실될 수 있습니다.
  mainGame.cpp
C:\Users\KGA_13\Documents\GitHub\beefTeamProject\image.h(133,47): warning C4244: '인수': 'float'에서 'int'(으)로 변환하면서 데이터가 손실될 수 있습니다.
C:\Users\KGA_13\Documents\GitHub\beefTeamProject\image.h(133,32): warning C4244: '인수': 'float'에서 'int'(으)로 변환하면서 데이터가 손실될 수 있습니다.
  mapCollision.cpp
C:\Users\KGA_13\Documents\GitHub\beefTeamProject\image.h(133,47): warning C4244: '인수': 'float'에서 'int'(으)로 변환하면서 데이터가 손실될 수 있습니다.
C:\Users\KGA_13\Documents\GitHub\beefTeamProject\image.h(133,32): warning C4244: '인수': 'float'에서 'int'(으)로 변환하면서 데이터가 손실될 수 있습니다.
  mapTool.cpp
C:\Users\KGA_13\Documents\GitHub\beefTeamProject\image.h(133,47): warning C4244: '인수': 'float'에서 'int'(으)로 변환하면서 데이터가 손실될 수 있습니다.
C:\Users\KGA_13\Documents\GitHub\beefTeamProject\image.h(133,32): warning C4244: '인수': 'float'에서 'int'(으)로 변환하면서 데이터가 손실될 수 있습니다.
C:\Users\KGA_13\Documents\GitHub\beefTeamProject\mapTool.cpp(136,55): warning C4267: '=': 'size_t'에서 'int'(으)로 변환하면서 데이터가 손실될 수 있습니다.
C:\Users\KGA_13\Documents\GitHub\beefTeamProject\mapTool.cpp(137,55): warning C4267: '=': 'size_t'에서 'int'(으)로 변환하면서 데이터가 손실될 수 있습니다.
C:\Users\KGA_13\Documents\GitHub\beefTeamProject\mapTool.cpp(143,28): warning C4267: '인수': 'size_t'에서 'int'(으)로 변환하면서 데이터가 손실될 수 있습니다.
C:\Users\KGA_13\Documents\GitHub\beefTeamProject\mapTool.cpp(156,28): warning C4267: '인수': 'size_t'에서 'int'(으)로 변환하면서 데이터가 손실될 수 있습니다.
  mapToolManager.cpp
  progressBar.cpp
C:\Users\KGA_13\Documents\GitHub\beefTeamProject\image.h(133,47): warning C4244: '인수': 'float'에서 'int'(으)로 변환하면서 데이터가 손실될 수 있습니다.
C:\Users\KGA_13\Documents\GitHub\beefTeamProject\image.h(133,32): warning C4244: '인수': 'float'에서 'int'(으)로 변환하면서 데이터가 손실될 수 있습니다.
C:\Users\KGA_13\Documents\GitHub\beefTeamProject\progressBar.cpp(15,7): warning C4244: '=': 'float'에서 'int'(으)로 변환하면서 데이터가 손실될 수 있습니다.
C:\Users\KGA_13\Documents\GitHub\beefTeamProject\progressBar.cpp(16,7): warning C4244: '=': 'float'에서 'int'(으)로 변환하면서 데이터가 손실될 수 있습니다.
C:\Users\KGA_13\Documents\GitHub\beefTeamProject\progressBar.cpp(18,28): warning C4244: '인수': 'float'에서 'int'(으)로 변환하면서 데이터가 손실될 수 있습니다.
C:\Users\KGA_13\Documents\GitHub\beefTeamProject\progressBar.cpp(18,25): warning C4244: '인수': 'float'에서 'int'(으)로 변환하면서 데이터가 손실될 수 있습니다.
C:\Users\KGA_13\Documents\GitHub\beefTeamProject\progressBar.cpp(50,37): warning C4244: '=': 'float'에서 'int'(으)로 변환하면서 데이터가 손실될 수 있습니다.
  sceneManager.cpp
C:\Users\KGA_13\Documents\GitHub\beefTeamProject\image.h(133,47): warning C4244: '인수': 'float'에서 'int'(으)로 변환하면서 데이터가 손실될 수 있습니다.
C:\Users\KGA_13\Documents\GitHub\beefTeamProject\image.h(133,32): warning C4244: '인수': 'float'에서 'int'(으)로 변환하면서 데이터가 손실될 수 있습니다.
  soundManager.cpp
C:\Users\KGA_13\Documents\GitHub\beefTeamProject\image.h(133,47): warning C4244: '인수': 'float'에서 'int'(으)로 변환하면서 데이터가 손실될 수 있습니다.
C:\Users\KGA_13\Documents\GitHub\beefTeamProject\image.h(133,32): warning C4244: '인수': 'float'에서 'int'(으)로 변환하면서 데이터가 손실될 수 있습니다.
  timeManager.cpp
C:\Users\KGA_13\Documents\GitHub\beefTeamProject\image.h(133,47): warning C4244: '인수': 'float'에서 'int'(으)로 변환하면서 데이터가 손실될 수 있습니다.
C:\Users\KGA_13\Documents\GitHub\beefTeamProject\image.h(133,32): warning C4244: '인수': 'float'에서 'int'(으)로 변환하면서 데이터가 손실될 수 있습니다.
C:\Users\KGA_13\Documents\GitHub\beefTeamProject\timeManager.cpp(52,44): warning C4267: '인수': 'size_t'에서 'int'(으)로 변환하면서 데이터가 손실될 수 있습니다.
C:\Users\KGA_13\Documents\GitHub\beefTeamProject\timeManager.cpp(56,45): warning C4267: '인수': 'size_t'에서 'int'(으)로 변환하면서 데이터가 손실될 수 있습니다.
C:\Users\KGA_13\Documents\GitHub\beefTeamProject\timeManager.cpp(59,45): warning C4267: '인수': 'size_t'에서 'int'(으)로 변환하면서 데이터가 손실될 수 있습니다.
  timer.cpp
C:\Users\KGA_13\Documents\GitHub\beefTeamProject\image.h(133,47): warning C4244: '인수': 'float'에서 'int'(으)로 변환하면서 데이터가 손실될 수 있습니다.
C:\Users\KGA_13\Documents\GitHub\beefTeamProject\image.h(133,32): warning C4244: '인수': 'float'에서 'int'(으)로 변환하면서 데이터가 손실될 수 있습니다.
  txtData.cpp
C:\Users\KGA_13\Documents\GitHub\beefTeamProject\image.h(133,47): warning C4244: '인수': 'float'에서 'int'(으)로 변환하면서 데이터가 손실될 수 있습니다.
C:\Users\KGA_13\Documents\GitHub\beefTeamProject\image.h(133,32): warning C4244: '인수': 'float'에서 'int'(으)로 변환하면서 데이터가 손실될 수 있습니다.
  utils.cpp
C:\Users\KGA_13\Documents\GitHub\beefTeamProject\image.h(133,47): warning C4244: '인수': 'float'에서 'int'(으)로 변환하면서 데이터가 손실될 수 있습니다.
C:\Users\KGA_13\Documents\GitHub\beefTeamProject\image.h(133,32): warning C4244: '인수': 'float'에서 'int'(으)로 변환하면서 데이터가 손실될 수 있습니다.
C:\Users\KGA_13\Documents\GitHub\beefTeamProject\utils.cpp(19,15): warning C4244: '초기화 중': 'double'에서 'float'(으)로 변환하면서 데이터가 손실될 수 있습니다.
C:\Users\KGA_13\Documents\GitHub\beefTeamProject\utils.cpp(23,16): warning C4244: '=': 'double'에서 'float'(으)로 변환하면서 데이터가 손실될 수 있습니다.
C:\Users\KGA_13\Documents\GitHub\beefTeamProject\utils.cpp(24,33): warning C4305: '-=': 'double'에서 'float'(으)로 잘립니다.
  코드를 생성하고 있습니다...
C:\Users\KGA_13\Documents\GitHub\beefTeamProject\txtData.cpp(54): warning C4172: 지역 변수 또는 임시: str의 주소를 반환하고 있습니다.
C:\Users\KGA_13\Documents\GitHub\beefTeamProject\sceneManager.cpp(84): warning C4715: 'sceneManager::changeScene': 모든 제어 경로에서 값을 반환하지는 않습니다.
C:\Users\KGA_13\Documents\GitHub\beefTeamProject\image.cpp(184): warning C4715: 'image::init': 모든 제어 경로에서 값을 반환하지는 않습니다.
mapCollision.obj : error LNK2019: "public: __cdecl camel::camel(void)" (??0camel@@QEAA@XZ)"public: virtual long __cdecl mapCollision::init(void)" (?init@mapCollision@@UEAAJXZ) 함수에서 참조되는 확인할 수 없는 외부 기호
soundManager.obj : error LNK2019: FMOD_System_Create"enum FMOD_RESULT __cdecl FMOD::System_Create(class FMOD::System * *)" (?System_Create@FMOD@@YA?AW4FMOD_RESULT@@PEAPEAVSystem@1@@Z) 함수에서 참조되는 확인할 수 없는 외부 기호
soundManager.obj : error LNK2019: "public: enum FMOD_RESULT __cdecl FMOD::System::release(void)" (?release@System@FMOD@@QEAA?AW4FMOD_RESULT@@XZ)"public: void __cdecl soundManager::release(void)" (?release@soundManager@@QEAAXXZ) 함수에서 참조되는 확인할 수 없는 외부 기호
soundManager.obj : error LNK2019: "public: enum FMOD_RESULT __cdecl FMOD::System::init(int,unsigned int,void *)" (?init@System@FMOD@@QEAA?AW4FMOD_RESULT@@HIPEAX@Z)"public: long __cdecl soundManager::init(void)" (?init@soundManager@@QEAAJXZ) 함수에서 참조되는 확인할 수 없는 외부 기호
soundManager.obj : error LNK2019: "public: enum FMOD_RESULT __cdecl FMOD::System::close(void)" (?close@System@FMOD@@QEAA?AW4FMOD_RESULT@@XZ)"public: void __cdecl soundManager::release(void)" (?release@soundManager@@QEAAXXZ) 함수에서 참조되는 확인할 수 없는 외부 기호
soundManager.obj : error LNK2019: "public: enum FMOD_RESULT __cdecl FMOD::System::createSound(char const *,unsigned int,struct FMOD_CREATESOUNDEXINFO *,class FMOD::Sound * *)" (?createSound@System@FMOD@@QEAA?AW4FMOD_RESULT@@PEBDIPEAUFMOD_CREATESOUNDEXINFO@@PEAPEAVSound@2@@Z)"public: void __cdecl soundManager::addSound(class std::basic_string<char,struct std::char_traits<char>,class std::allocator<char> >,class std::basic_string<char,struct std::char_traits<char>,class std::allocator<char> >,bool,bool)" (?addSound@soundManager@@QEAAXV?$basic_string@DU?$char_traits@D@std@@V?$allocator@D@2@@std@@0_N1@Z) 함수에서 참조되는 확인할 수 없는 외부 기호
soundManager.obj : error LNK2019: "public: enum FMOD_RESULT __cdecl FMOD::System::createStream(char const *,unsigned int,struct FMOD_CREATESOUNDEXINFO *,class FMOD::Sound * *)" (?createStream@System@FMOD@@QEAA?AW4FMOD_RESULT@@PEBDIPEAUFMOD_CREATESOUNDEXINFO@@PEAPEAVSound@2@@Z)"public: void __cdecl soundManager::addSound(class std::basic_string<char,struct std::char_traits<char>,class std::allocator<char> >,class std::basic_string<char,struct std::char_traits<char>,class std::allocator<char> >,bool,bool)" (?addSound@soundManager@@QEAAXV?$basic_string@DU?$char_traits@D@std@@V?$allocator@D@2@@std@@0_N1@Z) 함수에서 참조되는 확인할 수 없는 외부 기호
soundManager.obj : error LNK2019: "public: enum FMOD_RESULT __cdecl FMOD::System::playSound(enum FMOD_CHANNELINDEX,class FMOD::Sound *,bool,class FMOD::Channel * *)" (?playSound@System@FMOD@@QEAA?AW4FMOD_RESULT@@W4FMOD_CHANNELINDEX@@PEAVSound@2@_NPEAPEAVChannel@2@@Z)"public: void __cdecl soundManager::play(class std::basic_string<char,struct std::char_traits<char>,class std::allocator<char> >,float)" (?play@soundManager@@QEAAXV?$basic_string@DU?$char_traits@D@std@@V?$allocator@D@2@@std@@M@Z) 함수에서 참조되는 확인할 수 없는 외부 기호
soundManager.obj : error LNK2019: "public: enum FMOD_RESULT __cdecl FMOD::Sound::release(void)" (?release@Sound@FMOD@@QEAA?AW4FMOD_RESULT@@XZ)"public: void __cdecl soundManager::release(void)" (?release@soundManager@@QEAAXXZ) 함수에서 참조되는 확인할 수 없는 외부 기호
soundManager.obj : error LNK2019: "public: enum FMOD_RESULT __cdecl FMOD::Channel::stop(void)" (?stop@Channel@FMOD@@QEAA?AW4FMOD_RESULT@@XZ)"public: void __cdecl soundManager::release(void)" (?release@soundManager@@QEAAXXZ) 함수에서 참조되는 확인할 수 없는 외부 기호
soundManager.obj : error LNK2019: "public: enum FMOD_RESULT __cdecl FMOD::Channel::setPaused(bool)" (?setPaused@Channel@FMOD@@QEAA?AW4FMOD_RESULT@@_N@Z)"public: void __cdecl soundManager::pause(class std::basic_string<char,struct std::char_traits<char>,class std::allocator<char> >)" (?pause@soundManager@@QEAAXV?$basic_string@DU?$char_traits@D@std@@V?$allocator@D@2@@std@@@Z) 함수에서 참조되는 확인할 수 없는 외부 기호
soundManager.obj : error LNK2019: "public: enum FMOD_RESULT __cdecl FMOD::Channel::getPaused(bool *)" (?getPaused@Channel@FMOD@@QEAA?AW4FMOD_RESULT@@PEA_N@Z)"public: bool __cdecl soundManager::isPauseSound(class std::basic_string<char,struct std::char_traits<char>,class std::allocator<char> >)" (?isPauseSound@soundManager@@QEAA_NV?$basic_string@DU?$char_traits@D@std@@V?$allocator@D@2@@std@@@Z) 함수에서 참조되는 확인할 수 없는 외부 기호
soundManager.obj : error LNK2019: "public: enum FMOD_RESULT __cdecl FMOD::Channel::setVolume(float)" (?setVolume@Channel@FMOD@@QEAA?AW4FMOD_RESULT@@M@Z)"public: void __cdecl soundManager::play(class std::basic_string<char,struct std::char_traits<char>,class std::allocator<char> >,float)" (?play@soundManager@@QEAAXV?$basic_string@DU?$char_traits@D@std@@V?$allocator@D@2@@std@@M@Z) 함수에서 참조되는 확인할 수 없는 외부 기호
soundManager.obj : error LNK2019: "public: enum FMOD_RESULT __cdecl FMOD::Channel::isPlaying(bool *)" (?isPlaying@Channel@FMOD@@QEAA?AW4FMOD_RESULT@@PEA_N@Z)"public: bool __cdecl soundManager::isPlaySound(class std::basic_string<char,struct std::char_traits<char>,class std::allocator<char> >)" (?isPlaySound@soundManager@@QEAA_NV?$basic_string@DU?$char_traits@D@std@@V?$allocator@D@2@@std@@@Z) 함수에서 참조되는 확인할 수 없는 외부 기호
lib\fmodex_vc.lib : warning LNK4272: 'x86' 라이브러리 컴퓨터 종류가 'x64' 대상 컴퓨터 종류와 충돌합니다.
C:\Users\KGA_13\Documents\GitHub\beefTeamProject\x64\Debug\API_FrameWork.exe : fatal error LNK1120: 14개의 확인할 수 없는 외부 참조입니다.
